Using pre-set license
Built from '2020.2/release' branch; Version is '2020.2.2f1 (068178b99f32) revision 426360'; Using compiler version '192528614'; Build Type 'Release'
OS: 'Windows 10 Pro; OS build 19043.1348; Version 2009; 64bit' Language: 'en' Physical Memory: 32683 MB
BatchMode: 1, IsHumanControllingUs: 0, StartBugReporterOnCrash: 0, Is64bit: 1, IsPro: 0

 COMMAND LINE ARGUMENTS:
C:\Program Files\Unity\Hub\Editor\2020.2.2f1\Editor\Unity.exe
-adb2
-batchMode
-noUpm
-name
AssetImportWorker0
-projectPath
C:/Users/David/Documents/Github/Project400/Project_400
-logFile
Logs/AssetImportWorker0.log
-srvPort
50099
Successfully changed project path to: C:/Users/David/Documents/Github/Project400/Project_400
C:/Users/David/Documents/Github/Project400/Project_400
Using Asset Import Pipeline V2.
Refreshing native plugins compatible for Editor in 57.38 ms, found 0 plugins.
Preloading 0 native plugins for Editor in 0.00 ms.
Initialize engine version: 2020.2.2f1 (068178b99f32)
[Subsystems] Discovering subsystems at path C:/Program Files/Unity/Hub/Editor/2020.2.2f1/Editor/Data/Resources/UnitySubsystems
[Subsystems] Discovering subsystems at path C:/Users/David/Documents/Github/Project400/Project_400/Assets
GfxDevice: creating device client; threaded=0
Direct3D:
    Version:  Direct3D 11.0 [level 11.1]
    Renderer: NVIDIA GeForce GTX 1660 SUPER (ID=0x21c4)
    Vendor:   
    VRAM:     5991 MB
    Driver:   30.0.14.7196
Initialize mono
Mono path[0] = 'C:/Program Files/Unity/Hub/Editor/2020.2.2f1/Editor/Data/Managed'
Mono path[1] = 'C:/Program Files/Unity/Hub/Editor/2020.2.2f1/Editor/Data/MonoBleedingEdge/lib/mono/unityjit'
Mono config path = 'C:/Program Files/Unity/Hub/Editor/2020.2.2f1/Editor/Data/MonoBleedingEdge/etc'
Using monoOptions --debugger-agent=transport=dt_socket,embedding=1,server=y,suspend=n,address=127.0.0.1:56992
Begin MonoManager ReloadAssembly
Registering precompiled unity dll's ...
Register platform support module: C:/Program Files/Unity/Hub/Editor/2020.2.2f1/Editor/Data/PlaybackEngines/WindowsStandaloneSupport/UnityEditor.WindowsStandalone.Extensions.dll
Registered in 0.002923 seconds.
Native extension for WindowsStandalone target not found
Refreshing native plugins compatible for Editor in 52.69 ms, found 0 plugins.
Preloading 0 native plugins for Editor in 0.00 ms.
Invoked RoslynAnalysisRunner static constructor.
RoslynAnalysisRunner will not be running.
RoslynAnalysisRunner has terminated.
Mono: successfully reloaded assembly
- Completed reload, in  2.240 seconds
Platform modules already initialized, skipping
Registering precompiled user dll's ...
Registered in 0.005541 seconds.
Begin MonoManager ReloadAssembly
Native extension for WindowsStandalone target not found
Refreshing native plugins compatible for Editor in 55.06 ms, found 0 plugins.
Preloading 0 native plugins for Editor in 0.00 ms.
Invoked RoslynAnalysisRunner static constructor.
RoslynAnalysisRunner will not be running.
RoslynAnalysisRunner has terminated.
Find all reader and writers took 32 milliseconds
Script Module: UnityEngine.UI.dll
Weave behaviours and messages took 144 milliseconds
Find all reader and writers took 18 milliseconds
Script Module: Unity.RenderPipelines.Core.Runtime.dll
Weave behaviours and messages took 122 milliseconds
Find all reader and writers took 13 milliseconds
Script Module: UnityEngine.TestRunner.dll
Weave behaviours and messages took 53 milliseconds
Find all reader and writers took 18 milliseconds
Script Module: Unity.Mathematics.dll
Weave behaviours and messages took 534 milliseconds
Find all reader and writers took 20 milliseconds
Script Module: Unity.InputSystem.dll
Weave behaviours and messages took 406 milliseconds
Find all reader and writers took 12 milliseconds
Script Module: SimpleWebTransport.dll
Weave behaviours and messages took 14 milliseconds
Find all reader and writers took 16 milliseconds
Script Module: Unity.RenderPipelines.Universal.Runtime.dll
Weave behaviours and messages took 131 milliseconds
Find all reader and writers took 15 milliseconds
Script Module: Unity.TextMeshPro.dll
Weave behaviours and messages took 154 milliseconds
Find all reader and writers took 12 milliseconds
Script Module: Unity.ProBuilder.Poly2Tri.dll
Weave behaviours and messages took 15 milliseconds
Find all reader and writers took 18 milliseconds
Script Module: Cinemachine.dll
Weave behaviours and messages took 110 milliseconds
Find all reader and writers took 14 milliseconds
Script Module: Unity.Timeline.dll
Weave behaviours and messages took 63 milliseconds
Find all reader and writers took 14 milliseconds
Script Module: Unity.ProBuilder.dll
Weave behaviours and messages took 138 milliseconds
Find all reader and writers took 9 milliseconds
Script Module: Telepathy.dll
Weave behaviours and messages took 5 milliseconds
Find all reader and writers took 13 milliseconds
Script Module: Unity.ProGrids.dll
Weave behaviours and messages took 0 milliseconds
Find all reader and writers took 15 milliseconds
Script Module: Unity.ProBuilder.Csg.dll
Weave behaviours and messages took 6 milliseconds
Find all reader and writers took 12 milliseconds
Script Module: Assembly-CSharp.dll
Weave behaviours and messages took 3 milliseconds
Find all reader and writers took 12 milliseconds
Script Module: kcp2k.dll
Weave behaviours and messages took 10 milliseconds
Find all reader and writers took 18 milliseconds
Script Module: where-allocations.dll
Weave behaviours and messages took 0 milliseconds
Find all reader and writers took 12 milliseconds
Script Module: Unity.ProBuilder.KdTree.dll
Weave behaviours and messages took 8 milliseconds
Find all reader and writers took 13 milliseconds
Script Module: Unity.RenderPipelines.Core.ShaderLibrary.dll
Weave behaviours and messages took 0 milliseconds
Find all reader and writers took 13 milliseconds
Script Module: Unity.RenderPipeline.Universal.ShaderLibrary.dll
Weave behaviours and messages took 0 milliseconds
Find all reader and writers took 14 milliseconds
Script Module: Unity.ProBuilder.Stl.dll
Weave behaviours and messages took 3 milliseconds
Find all reader and writers took 13 milliseconds
Script Module: Unity.RenderPipelines.Universal.Shaders.dll
Weave behaviours and messages took 0 milliseconds
Find all reader and writers took 12 milliseconds
Script Module: Unity.RenderPipelines.ShaderGraph.ShaderGraphLibrary.dll
Weave behaviours and messages took 0 milliseconds
Find all reader and writers took 20 milliseconds
Script Module: com.unity.cinemachine.editor.dll
Weave behaviours and messages took 68 milliseconds
Find all reader and writers took 15 milliseconds
Script Module: Unity.Mirror.CodeGen.dll
Weave behaviours and messages took 27 milliseconds
Find all reader and writers took 21 milliseconds
Script Module: UnityEditor.TestRunner.dll
Weave behaviours and messages took 77 milliseconds
Find all reader and writers took 15 milliseconds
Script Module: Unity.ProBuilder.AssetIdRemapUtility.dll
Weave behaviours and messages took 9 milliseconds
Find all reader and writers took 13 milliseconds
Script Module: Mirror.CompilerSymbols.dll
Weave behaviours and messages took 0 milliseconds
Find all reader and writers took 13 milliseconds
Script Module: UnityEditor.UI.dll
Weave behaviours and messages took 27 milliseconds
Find all reader and writers took 11 milliseconds
Script Module: Unity.ShaderGraph.Utilities.dll
Weave behaviours and messages took 0 milliseconds
Mono: successfully reloaded assembly
- Completed reload, in 12.204 seconds
Platform modules already initialized, skipping
========================================================================
Worker process is ready to serve import requests
Shader 'Universal Render Pipeline/Particles/Lit': fallback shader 'Universal Render Pipeline/Particles/SimpleLit' not found
Shader 'Universal Render Pipeline/Particles/Lit': fallback shader 'Universal Render Pipeline/Particles/SimpleLit' not found
Launched and connected shader compiler UnityShaderCompiler.exe after 0.10 seconds
Refreshing native plugins compatible for Editor in 0.76 ms, found 0 plugins.
Preloading 0 native plugins for Editor in 0.00 ms.
Unloading 3532 Unused Serialized files (Serialized files now loaded: 0)
System memory in use before: 155.1 MB.
System memory in use after: 153.0 MB.

Unloading 173 unused Assets to reduce memory usage. Loaded Objects now: 3927.
Total: 5.159600 ms (FindLiveObjects: 0.297000 ms CreateObjectMapping: 0.165100 ms MarkObjects: 3.506400 ms  DeleteObjects: 1.189400 ms)

========================================================================
Received Import Request.
  path: Assets/David/Scripts/PlayerInput.inputactions
  artifactKey: Guid(365c6b2203085c04f95e1813f2260570) Importer(815301076,1909f56bfc062723c751e8b465ee728b)
Start importing Assets/David/Scripts/PlayerInput.inputactions using Guid(365c6b2203085c04f95e1813f2260570) Importer(815301076,1909f56bfc062723c751e8b465ee728b)  -> (artifact id: '2899b381a11a53137d8ce9cbe5cedd84') in 0.031781 seconds
  Import took 0.036347 seconds .

========================================================================
Received Import Request.
  Time since last request: 0.000196 seconds.
  path: Assets/David/Scripts/PlayerMovementInputController.cs
  artifactKey: Guid(c59669becefc428428ec0edb02e7c97e) Importer(815301076,1909f56bfc062723c751e8b465ee728b)
Start importing Assets/David/Scripts/PlayerMovementInputController.cs using Guid(c59669becefc428428ec0edb02e7c97e) Importer(815301076,1909f56bfc062723c751e8b465ee728b)  -> (artifact id: '6e0e9181e6b8c029c90a1119c0d2f714') in 0.006497 seconds
  Import took 0.010866 seconds .

========================================================================
Received Import Request.
  Time since last request: 394.155827 seconds.
  path: Assets/David/Scripts/PlayerInput.inputactions
  artifactKey: Guid(365c6b2203085c04f95e1813f2260570) Importer(815301076,1909f56bfc062723c751e8b465ee728b)
Start importing Assets/David/Scripts/PlayerInput.inputactions using Guid(365c6b2203085c04f95e1813f2260570) Importer(815301076,1909f56bfc062723c751e8b465ee728b)  -> (artifact id: 'ee299a563af0d6cdfab5ea8800b2f324') in 0.008640 seconds
  Import took 0.015221 seconds .

========================================================================
Received Import Request.
  Time since last request: 39.422259 seconds.
  path: Assets/David/Scripts/PlayerInput.inputactions
  artifactKey: Guid(365c6b2203085c04f95e1813f2260570) Importer(815301076,1909f56bfc062723c751e8b465ee728b)
Start importing Assets/David/Scripts/PlayerInput.inputactions using Guid(365c6b2203085c04f95e1813f2260570) Importer(815301076,1909f56bfc062723c751e8b465ee728b)  -> (artifact id: '46f05d1c365334b37fa9eafffac1be4f') in 0.006381 seconds
  Import took 0.013084 seconds .

========================================================================
Received Import Request.
  Time since last request: 0.075709 seconds.
  path: Assets/David/Scripts/PlayerInput.inputactions
  artifactKey: Guid(365c6b2203085c04f95e1813f2260570) Importer(815301076,1909f56bfc062723c751e8b465ee728b)
Start importing Assets/David/Scripts/PlayerInput.inputactions using Guid(365c6b2203085c04f95e1813f2260570) Importer(815301076,1909f56bfc062723c751e8b465ee728b)  -> (artifact id: '46f05d1c365334b37fa9eafffac1be4f') in 0.005627 seconds
  Import took 0.011278 seconds .

========================================================================
Received Prepare
Registering precompiled user dll's ...
Registered in 0.005272 seconds.
Begin MonoManager ReloadAssembly
Native extension for WindowsStandalone target not found
Refreshing native plugins compatible for Editor in 0.51 ms, found 0 plugins.
Preloading 0 native plugins for Editor in 0.00 ms.
Warning: Annotation not found!
UnityEngine.StackTraceUtility:ExtractStackTrace ()
UnityEditor.ProBuilder.EditorUtility:SetGizmoIconEnabled (System.Type,bool) (at Library/PackageCache/com.unity.probuilder@4.4.0/Editor/EditorCore/EditorUtility.cs:593)
UnityEditor.ProBuilder.HierarchyListener:.cctor () (at Library/PackageCache/com.unity.probuilder@4.4.0/Editor/EditorCore/HierarchyListener.cs:21)
System.Runtime.CompilerServices.RuntimeHelpers:RunClassConstructor (System.RuntimeTypeHandle)
UnityEditor.EditorAssemblies:ProcessInitializeOnLoadAttributes (System.Type[])

[Library/PackageCache/com.unity.probuilder@4.4.0/Editor/EditorCore/EditorUtility.cs line 593]

Invoked RoslynAnalysisRunner static constructor.
RoslynAnalysisRunner will not be running.
RoslynAnalysisRunner has terminated.
Mono: successfully reloaded assembly
- Completed reload, in  1.033 seconds
Platform modules already initialized, skipping
Shader 'Universal Render Pipeline/Particles/Lit': fallback shader 'Universal Render Pipeline/Particles/SimpleLit' not found
Shader 'Universal Render Pipeline/Particles/Lit': fallback shader 'Universal Render Pipeline/Particles/SimpleLit' not found
Refreshing native plugins compatible for Editor in 0.50 ms, found 0 plugins.
Preloading 0 native plugins for Editor in 0.00 ms.
Unloading 3422 Unused Serialized files (Serialized files now loaded: 0)
System memory in use before: 150.9 MB.
System memory in use after: 148.8 MB.

Unloading 50 unused Assets to reduce memory usage. Loaded Objects now: 3930.
Total: 5.345700 ms (FindLiveObjects: 0.457300 ms CreateObjectMapping: 0.231800 ms MarkObjects: 3.194000 ms  DeleteObjects: 1.461000 ms)

========================================================================
Received Import Request.
  Time since last request: 31.460144 seconds.
  path: Assets/David/Scripts/CharacterMovement.cs
  artifactKey: Guid(bdc4953979aeb1442b51bcadaf6ffda4) Importer(815301076,1909f56bfc062723c751e8b465ee728b)
Start importing Assets/David/Scripts/CharacterMovement.cs using Guid(bdc4953979aeb1442b51bcadaf6ffda4) Importer(815301076,1909f56bfc062723c751e8b465ee728b)  -> (artifact id: '14de3b15cb9eeb18305f633b54119228') in 0.019576 seconds
  Import took 0.025171 seconds .

========================================================================
Received Import Request.
  Time since last request: 0.003913 seconds.
  path: Assets/David/Scripts/CharacterMovement.cs
  artifactKey: Guid(bdc4953979aeb1442b51bcadaf6ffda4) Importer(815301076,1909f56bfc062723c751e8b465ee728b)
Start importing Assets/David/Scripts/CharacterMovement.cs using Guid(bdc4953979aeb1442b51bcadaf6ffda4) Importer(815301076,1909f56bfc062723c751e8b465ee728b)  -> (artifact id: '14de3b15cb9eeb18305f633b54119228') in 0.004082 seconds
  Import took 0.008908 seconds .

========================================================================
Received Prepare
Registering precompiled user dll's ...
Registered in 0.007323 seconds.
Begin MonoManager ReloadAssembly
Native extension for WindowsStandalone target not found
Refreshing native plugins compatible for Editor in 1.09 ms, found 0 plugins.
Preloading 0 native plugins for Editor in 0.00 ms.
Warning: Annotation not found!
UnityEngine.StackTraceUtility:ExtractStackTrace ()
UnityEditor.ProBuilder.EditorUtility:SetGizmoIconEnabled (System.Type,bool) (at Library/PackageCache/com.unity.probuilder@4.4.0/Editor/EditorCore/EditorUtility.cs:593)
UnityEditor.ProBuilder.HierarchyListener:.cctor () (at Library/PackageCache/com.unity.probuilder@4.4.0/Editor/EditorCore/HierarchyListener.cs:21)
System.Runtime.CompilerServices.RuntimeHelpers:RunClassConstructor (System.RuntimeTypeHandle)
UnityEditor.EditorAssemblies:ProcessInitializeOnLoadAttributes (System.Type[])

[Library/PackageCache/com.unity.probuilder@4.4.0/Editor/EditorCore/EditorUtility.cs line 593]

Invoked RoslynAnalysisRunner static constructor.
RoslynAnalysisRunner will not be running.
RoslynAnalysisRunner has terminated.
Mono: successfully reloaded assembly
- Completed reload, in  1.118 seconds
Platform modules already initialized, skipping
Shader 'Universal Render Pipeline/Particles/Lit': fallback shader 'Universal Render Pipeline/Particles/SimpleLit' not found
Shader 'Universal Render Pipeline/Particles/Lit': fallback shader 'Universal Render Pipeline/Particles/SimpleLit' not found
Refreshing native plugins compatible for Editor in 0.52 ms, found 0 plugins.
Preloading 0 native plugins for Editor in 0.00 ms.
Unloading 3422 Unused Serialized files (Serialized files now loaded: 0)
System memory in use before: 150.9 MB.
System memory in use after: 148.8 MB.

Unloading 50 unused Assets to reduce memory usage. Loaded Objects now: 3932.
Total: 3.780100 ms (FindLiveObjects: 0.277700 ms CreateObjectMapping: 0.150100 ms MarkObjects: 2.136600 ms  DeleteObjects: 1.214400 ms)

========================================================================
Received Import Request.
  Time since last request: 103.908427 seconds.
  path: Assets/David/Scripts/PlayerMovementInputController.cs
  artifactKey: Guid(c59669becefc428428ec0edb02e7c97e) Importer(815301076,1909f56bfc062723c751e8b465ee728b)
Start importing Assets/David/Scripts/PlayerMovementInputController.cs using Guid(c59669becefc428428ec0edb02e7c97e) Importer(815301076,1909f56bfc062723c751e8b465ee728b)  -> (artifact id: 'fd1093afdd93fc75b64f02a73cb02707') in 0.007664 seconds
  Import took 0.012598 seconds .

========================================================================
Received Prepare
Registering precompiled user dll's ...
Registered in 0.005678 seconds.
Begin MonoManager ReloadAssembly
Native extension for WindowsStandalone target not found
Refreshing native plugins compatible for Editor in 0.49 ms, found 0 plugins.
Preloading 0 native plugins for Editor in 0.00 ms.
Warning: Annotation not found!
UnityEngine.StackTraceUtility:ExtractStackTrace ()
UnityEditor.ProBuilder.EditorUtility:SetGizmoIconEnabled (System.Type,bool) (at Library/PackageCache/com.unity.probuilder@4.4.0/Editor/EditorCore/EditorUtility.cs:593)
UnityEditor.ProBuilder.HierarchyListener:.cctor () (at Library/PackageCache/com.unity.probuilder@4.4.0/Editor/EditorCore/HierarchyListener.cs:21)
System.Runtime.CompilerServices.RuntimeHelpers:RunClassConstructor (System.RuntimeTypeHandle)
UnityEditor.EditorAssemblies:ProcessInitializeOnLoadAttributes (System.Type[])

[Library/PackageCache/com.unity.probuilder@4.4.0/Editor/EditorCore/EditorUtility.cs line 593]

Invoked RoslynAnalysisRunner static constructor.
RoslynAnalysisRunner will not be running.
RoslynAnalysisRunner has terminated.
Mono: successfully reloaded assembly
- Completed reload, in  0.992 seconds
Platform modules already initialized, skipping
Shader 'Universal Render Pipeline/Particles/Lit': fallback shader 'Universal Render Pipeline/Particles/SimpleLit' not found
Shader 'Universal Render Pipeline/Particles/Lit': fallback shader 'Universal Render Pipeline/Particles/SimpleLit' not found
Refreshing native plugins compatible for Editor in 0.50 ms, found 0 plugins.
Preloading 0 native plugins for Editor in 0.00 ms.
Unloading 3422 Unused Serialized files (Serialized files now loaded: 0)
System memory in use before: 151.0 MB.
System memory in use after: 148.9 MB.

Unloading 50 unused Assets to reduce memory usage. Loaded Objects now: 3934.
Total: 4.110700 ms (FindLiveObjects: 0.276600 ms CreateObjectMapping: 0.151300 ms MarkObjects: 2.145900 ms  DeleteObjects: 1.535700 ms)

========================================================================
Received Prepare
Registering precompiled user dll's ...
Registered in 0.005579 seconds.
Begin MonoManager ReloadAssembly
Native extension for WindowsStandalone target not found
Refreshing native plugins compatible for Editor in 0.50 ms, found 0 plugins.
Preloading 0 native plugins for Editor in 0.00 ms.
Warning: Annotation not found!
UnityEngine.StackTraceUtility:ExtractStackTrace ()
UnityEditor.ProBuilder.EditorUtility:SetGizmoIconEnabled (System.Type,bool) (at Library/PackageCache/com.unity.probuilder@4.4.0/Editor/EditorCore/EditorUtility.cs:593)
UnityEditor.ProBuilder.HierarchyListener:.cctor () (at Library/PackageCache/com.unity.probuilder@4.4.0/Editor/EditorCore/HierarchyListener.cs:21)
System.Runtime.CompilerServices.RuntimeHelpers:RunClassConstructor (System.RuntimeTypeHandle)
UnityEditor.EditorAssemblies:ProcessInitializeOnLoadAttributes (System.Type[])

[Library/PackageCache/com.unity.probuilder@4.4.0/Editor/EditorCore/EditorUtility.cs line 593]

Invoked RoslynAnalysisRunner static constructor.
RoslynAnalysisRunner will not be running.
RoslynAnalysisRunner has terminated.
Mono: successfully reloaded assembly
- Completed reload, in  1.031 seconds
Platform modules already initialized, skipping
Shader 'Universal Render Pipeline/Particles/Lit': fallback shader 'Universal Render Pipeline/Particles/SimpleLit' not found
Shader 'Universal Render Pipeline/Particles/Lit': fallback shader 'Universal Render Pipeline/Particles/SimpleLit' not found
Refreshing native plugins compatible for Editor in 0.59 ms, found 0 plugins.
Preloading 0 native plugins for Editor in 0.00 ms.
Unloading 3422 Unused Serialized files (Serialized files now loaded: 0)
System memory in use before: 151.0 MB.
System memory in use after: 148.9 MB.

Unloading 50 unused Assets to reduce memory usage. Loaded Objects now: 3936.
Total: 4.355000 ms (FindLiveObjects: 0.283200 ms CreateObjectMapping: 0.174400 ms MarkObjects: 2.419400 ms  DeleteObjects: 1.476100 ms)

========================================================================
Received Prepare
Registering precompiled user dll's ...
Registered in 0.006103 seconds.
Begin MonoManager ReloadAssembly
Native extension for WindowsStandalone target not found
Refreshing native plugins compatible for Editor in 1.19 ms, found 0 plugins.
Preloading 0 native plugins for Editor in 0.00 ms.
Warning: Annotation not found!
UnityEngine.StackTraceUtility:ExtractStackTrace ()
UnityEditor.ProBuilder.EditorUtility:SetGizmoIconEnabled (System.Type,bool) (at Library/PackageCache/com.unity.probuilder@4.4.0/Editor/EditorCore/EditorUtility.cs:593)
UnityEditor.ProBuilder.HierarchyListener:.cctor () (at Library/PackageCache/com.unity.probuilder@4.4.0/Editor/EditorCore/HierarchyListener.cs:21)
System.Runtime.CompilerServices.RuntimeHelpers:RunClassConstructor (System.RuntimeTypeHandle)
UnityEditor.EditorAssemblies:ProcessInitializeOnLoadAttributes (System.Type[])

[Library/PackageCache/com.unity.probuilder@4.4.0/Editor/EditorCore/EditorUtility.cs line 593]

Invoked RoslynAnalysisRunner static constructor.
RoslynAnalysisRunner will not be running.
RoslynAnalysisRunner has terminated.
Mono: successfully reloaded assembly
- Completed reload, in  1.003 seconds
Platform modules already initialized, skipping
Shader 'Universal Render Pipeline/Particles/Lit': fallback shader 'Universal Render Pipeline/Particles/SimpleLit' not found
Shader 'Universal Render Pipeline/Particles/Lit': fallback shader 'Universal Render Pipeline/Particles/SimpleLit' not found
Refreshing native plugins compatible for Editor in 0.79 ms, found 0 plugins.
Preloading 0 native plugins for Editor in 0.00 ms.
Unloading 3422 Unused Serialized files (Serialized files now loaded: 0)
System memory in use before: 151.0 MB.
System memory in use after: 148.9 MB.

Unloading 50 unused Assets to reduce memory usage. Loaded Objects now: 3938.
Total: 5.234600 ms (FindLiveObjects: 0.320500 ms CreateObjectMapping: 0.203500 ms MarkObjects: 3.427000 ms  DeleteObjects: 1.282200 ms)

========================================================================
Received Prepare
Registering precompiled user dll's ...
Registered in 0.005631 seconds.
Begin MonoManager ReloadAssembly
Native extension for WindowsStandalone target not found
Refreshing native plugins compatible for Editor in 0.51 ms, found 0 plugins.
Preloading 0 native plugins for Editor in 0.00 ms.
Warning: Annotation not found!
UnityEngine.StackTraceUtility:ExtractStackTrace ()
UnityEditor.ProBuilder.EditorUtility:SetGizmoIconEnabled (System.Type,bool) (at Library/PackageCache/com.unity.probuilder@4.4.0/Editor/EditorCore/EditorUtility.cs:593)
UnityEditor.ProBuilder.HierarchyListener:.cctor () (at Library/PackageCache/com.unity.probuilder@4.4.0/Editor/EditorCore/HierarchyListener.cs:21)
System.Runtime.CompilerServices.RuntimeHelpers:RunClassConstructor (System.RuntimeTypeHandle)
UnityEditor.EditorAssemblies:ProcessInitializeOnLoadAttributes (System.Type[])

[Library/PackageCache/com.unity.probuilder@4.4.0/Editor/EditorCore/EditorUtility.cs line 593]

Invoked RoslynAnalysisRunner static constructor.
RoslynAnalysisRunner will not be running.
RoslynAnalysisRunner has terminated.
Mono: successfully reloaded assembly
- Completed reload, in  0.994 seconds
Platform modules already initialized, skipping
Shader 'Universal Render Pipeline/Particles/Lit': fallback shader 'Universal Render Pipeline/Particles/SimpleLit' not found
Shader 'Universal Render Pipeline/Particles/Lit': fallback shader 'Universal Render Pipeline/Particles/SimpleLit' not found
Refreshing native plugins compatible for Editor in 0.50 ms, found 0 plugins.
Preloading 0 native plugins for Editor in 0.00 ms.
Unloading 3422 Unused Serialized files (Serialized files now loaded: 0)
System memory in use before: 151.0 MB.
System memory in use after: 148.9 MB.

Unloading 50 unused Assets to reduce memory usage. Loaded Objects now: 3940.
Total: 3.745400 ms (FindLiveObjects: 0.325900 ms CreateObjectMapping: 0.147800 ms MarkObjects: 2.011200 ms  DeleteObjects: 1.259200 ms)

========================================================================
Received Prepare
Registering precompiled user dll's ...
Registered in 0.005434 seconds.
Begin MonoManager ReloadAssembly
Native extension for WindowsStandalone target not found
Refreshing native plugins compatible for Editor in 0.50 ms, found 0 plugins.
Preloading 0 native plugins for Editor in 0.00 ms.
Warning: Annotation not found!
UnityEngine.StackTraceUtility:ExtractStackTrace ()
UnityEditor.ProBuilder.EditorUtility:SetGizmoIconEnabled (System.Type,bool) (at Library/PackageCache/com.unity.probuilder@4.4.0/Editor/EditorCore/EditorUtility.cs:593)
UnityEditor.ProBuilder.HierarchyListener:.cctor () (at Library/PackageCache/com.unity.probuilder@4.4.0/Editor/EditorCore/HierarchyListener.cs:21)
System.Runtime.CompilerServices.RuntimeHelpers:RunClassConstructor (System.RuntimeTypeHandle)
UnityEditor.EditorAssemblies:ProcessInitializeOnLoadAttributes (System.Type[])

[Library/PackageCache/com.unity.probuilder@4.4.0/Editor/EditorCore/EditorUtility.cs line 593]

Invoked RoslynAnalysisRunner static constructor.
RoslynAnalysisRunner will not be running.
RoslynAnalysisRunner has terminated.
Mono: successfully reloaded assembly
- Completed reload, in  1.032 seconds
Platform modules already initialized, skipping
Shader 'Universal Render Pipeline/Particles/Lit': fallback shader 'Universal Render Pipeline/Particles/SimpleLit' not found
Shader 'Universal Render Pipeline/Particles/Lit': fallback shader 'Universal Render Pipeline/Particles/SimpleLit' not found
Refreshing native plugins compatible for Editor in 0.49 ms, found 0 plugins.
Preloading 0 native plugins for Editor in 0.00 ms.
Unloading 3422 Unused Serialized files (Serialized files now loaded: 0)
System memory in use before: 151.0 MB.
System memory in use after: 148.9 MB.

Unloading 50 unused Assets to reduce memory usage. Loaded Objects now: 3942.
Total: 3.751300 ms (FindLiveObjects: 0.263800 ms CreateObjectMapping: 0.150200 ms MarkObjects: 2.117300 ms  DeleteObjects: 1.218900 ms)

========================================================================
Received Prepare
Registering precompiled user dll's ...
Registered in 0.005732 seconds.
Begin MonoManager ReloadAssembly
Native extension for WindowsStandalone target not found
Refreshing native plugins compatible for Editor in 0.49 ms, found 0 plugins.
Preloading 0 native plugins for Editor in 0.00 ms.
Warning: Annotation not found!
UnityEngine.StackTraceUtility:ExtractStackTrace ()
UnityEditor.ProBuilder.EditorUtility:SetGizmoIconEnabled (System.Type,bool) (at Library/PackageCache/com.unity.probuilder@4.4.0/Editor/EditorCore/EditorUtility.cs:593)
UnityEditor.ProBuilder.HierarchyListener:.cctor () (at Library/PackageCache/com.unity.probuilder@4.4.0/Editor/EditorCore/HierarchyListener.cs:21)
System.Runtime.CompilerServices.RuntimeHelpers:RunClassConstructor (System.RuntimeTypeHandle)
UnityEditor.EditorAssemblies:ProcessInitializeOnLoadAttributes (System.Type[])

[Library/PackageCache/com.unity.probuilder@4.4.0/Editor/EditorCore/EditorUtility.cs line 593]

Invoked RoslynAnalysisRunner static constructor.
RoslynAnalysisRunner will not be running.
RoslynAnalysisRunner has terminated.
Mono: successfully reloaded assembly
- Completed reload, in  0.993 seconds
Platform modules already initialized, skipping
Shader 'Universal Render Pipeline/Particles/Lit': fallback shader 'Universal Render Pipeline/Particles/SimpleLit' not found
Shader 'Universal Render Pipeline/Particles/Lit': fallback shader 'Universal Render Pipeline/Particles/SimpleLit' not found
Refreshing native plugins compatible for Editor in 0.56 ms, found 0 plugins.
Preloading 0 native plugins for Editor in 0.00 ms.
Unloading 3422 Unused Serialized files (Serialized files now loaded: 0)
System memory in use before: 151.0 MB.
System memory in use after: 148.9 MB.

Unloading 50 unused Assets to reduce memory usage. Loaded Objects now: 3944.
Total: 4.134500 ms (FindLiveObjects: 0.457400 ms CreateObjectMapping: 0.189400 ms MarkObjects: 2.225700 ms  DeleteObjects: 1.260900 ms)

========================================================================
Received Prepare
Registering precompiled user dll's ...
Registered in 0.007120 seconds.
Begin MonoManager ReloadAssembly
Native extension for WindowsStandalone target not found
Refreshing native plugins compatible for Editor in 0.53 ms, found 0 plugins.
Preloading 0 native plugins for Editor in 0.00 ms.
Warning: Annotation not found!
UnityEngine.StackTraceUtility:ExtractStackTrace ()
UnityEditor.ProBuilder.EditorUtility:SetGizmoIconEnabled (System.Type,bool) (at Library/PackageCache/com.unity.probuilder@4.4.0/Editor/EditorCore/EditorUtility.cs:593)
UnityEditor.ProBuilder.HierarchyListener:.cctor () (at Library/PackageCache/com.unity.probuilder@4.4.0/Editor/EditorCore/HierarchyListener.cs:21)
System.Runtime.CompilerServices.RuntimeHelpers:RunClassConstructor (System.RuntimeTypeHandle)
UnityEditor.EditorAssemblies:ProcessInitializeOnLoadAttributes (System.Type[])

[Library/PackageCache/com.unity.probuilder@4.4.0/Editor/EditorCore/EditorUtility.cs line 593]

Invoked RoslynAnalysisRunner static constructor.
RoslynAnalysisRunner will not be running.
RoslynAnalysisRunner has terminated.
Mono: successfully reloaded assembly
- Completed reload, in  0.999 seconds
Platform modules already initialized, skipping
Shader 'Universal Render Pipeline/Particles/Lit': fallback shader 'Universal Render Pipeline/Particles/SimpleLit' not found
Shader 'Universal Render Pipeline/Particles/Lit': fallback shader 'Universal Render Pipeline/Particles/SimpleLit' not found
Refreshing native plugins compatible for Editor in 0.50 ms, found 0 plugins.
Preloading 0 native plugins for Editor in 0.00 ms.
Unloading 3422 Unused Serialized files (Serialized files now loaded: 0)
System memory in use before: 151.0 MB.
System memory in use after: 148.9 MB.

Unloading 50 unused Assets to reduce memory usage. Loaded Objects now: 3946.
Total: 4.439500 ms (FindLiveObjects: 0.289500 ms CreateObjectMapping: 0.168500 ms MarkObjects: 2.619500 ms  DeleteObjects: 1.360600 ms)

AssetImportWorkerClient::OnTransportError - code=2 error=End of file
