Using pre-set license
Built from '2020.3/staging' branch; Version is '2020.3.13f1 (71691879b7f5) revision 7432472'; Using compiler version '192528614'; Build Type 'Release'
OS: 'Windows 10 Pro; OS build 19044.1586; Version 2009; 64bit' Language: 'en' Physical Memory: 32683 MB
BatchMode: 1, IsHumanControllingUs: 0, StartBugReporterOnCrash: 0, Is64bit: 1, IsPro: 0

 COMMAND LINE ARGUMENTS:
C:\Program Files\Unity\Hub\Editor\2020.3.13f1\Editor\Unity.exe
-adb2
-batchMode
-noUpm
-name
AssetImportWorker0
-projectPath
C:/Users/David/Documents/Github/Project400
-logFile
Logs/AssetImportWorker0.log
-srvPort
51251
Successfully changed project path to: C:/Users/David/Documents/Github/Project400
C:/Users/David/Documents/Github/Project400
Using Asset Import Pipeline V2.
Refreshing native plugins compatible for Editor in 88.02 ms, found 4 plugins.
Preloading 0 native plugins for Editor in 0.00 ms.
Initialize engine version: 2020.3.13f1 (71691879b7f5)
[Subsystems] Discovering subsystems at path C:/Program Files/Unity/Hub/Editor/2020.3.13f1/Editor/Data/Resources/UnitySubsystems
[Subsystems] Discovering subsystems at path C:/Users/David/Documents/Github/Project400/Assets
GfxDevice: creating device client; threaded=0
Direct3D:
    Version:  Direct3D 11.0 [level 11.1]
    Renderer: NVIDIA GeForce GTX 1660 SUPER (ID=0x21c4)
    Vendor:   
    VRAM:     5992 MB
    Driver:   30.0.15.1179
Shader 'Universal Render Pipeline/Particles/Lit': fallback shader 'Universal Render Pipeline/Particles/SimpleLit' not found
Initialize mono
Mono path[0] = 'C:/Program Files/Unity/Hub/Editor/2020.3.13f1/Editor/Data/Managed'
Mono path[1] = 'C:/Program Files/Unity/Hub/Editor/2020.3.13f1/Editor/Data/MonoBleedingEdge/lib/mono/unityjit'
Mono config path = 'C:/Program Files/Unity/Hub/Editor/2020.3.13f1/Editor/Data/MonoBleedingEdge/etc'
Using monoOptions --debugger-agent=transport=dt_socket,embedding=1,server=y,suspend=n,address=127.0.0.1:56776
Begin MonoManager ReloadAssembly
Registering precompiled unity dll's ...
Register platform support module: C:/Program Files/Unity/Hub/Editor/2020.3.13f1/Editor/Data/PlaybackEngines/WindowsStandaloneSupport/UnityEditor.WindowsStandalone.Extensions.dll
Registered in 0.002701 seconds.
Native extension for WindowsStandalone target not found
Refreshing native plugins compatible for Editor in 76.82 ms, found 4 plugins.
Preloading 0 native plugins for Editor in 0.00 ms.
Mono: successfully reloaded assembly
- Completed reload, in  2.808 seconds
Platform modules already initialized, skipping
Registering precompiled user dll's ...
Registered in 0.013657 seconds.
Begin MonoManager ReloadAssembly
Native extension for WindowsStandalone target not found
Refreshing native plugins compatible for Editor in 78.37 ms, found 4 plugins.
Preloading 0 native plugins for Editor in 0.00 ms.
System.NullReferenceException: Object reference not set to an instance of an object
  at Unity.Services.Core.Editor.PackageConfig..ctor (UnityEditor.PackageManager.PackageInfo packageInfo) [0x00001] in C:\Users\David\Documents\Github\Project400\Library\PackageCache\com.unity.services.core@1.1.0-pre.41\Editor\Core\Telemetry\PackageConfig.cs:15 
  at Unity.Services.Core.Editor.OperatePackageVersionConfigProvider.<FindAllOperatePackageInProject>g__GetPackageConfigFrom|7_0 (System.Type type) [0x0000d] in C:\Users\David\Documents\Github\Project400\Library\PackageCache\com.unity.services.core@1.1.0-pre.41\Editor\Core\Telemetry\OperatePackageVersionConfigProvider.cs:50 
  at (wrapper delegate-invoke) System.Func`2[System.Type,Unity.Services.Core.Editor.PackageConfig].invoke_TResult_T(System.Type)
  at System.Linq.Enumerable+SelectIListIterator`2[TSource,TResult].MoveNext () [0x00048] in <351e49e2a5bf4fd6beabb458ce2255f3>:0 
  at System.Linq.Set`1[TElement].UnionWith (System.Collections.Generic.IEnumerable`1[T] other) [0x00018] in <351e49e2a5bf4fd6beabb458ce2255f3>:0 
  at System.Linq.Enumerable+DistinctIterator`1[TSource].FillSet () [0x0000b] in <351e49e2a5bf4fd6beabb458ce2255f3>:0 
  at System.Linq.Enumerable+DistinctIterator`1[TSource].ToList () [0x00000] in <351e49e2a5bf4fd6beabb458ce2255f3>:0 
  at System.Linq.Enumerable.ToList[TSource] (System.Collections.Generic.IEnumerable`1[T] source) [0x0001f] in <351e49e2a5bf4fd6beabb458ce2255f3>:0 
  at Unity.Services.Core.Editor.OperatePackageVersionConfigProvider.FindAllOperatePackageInProject () [0x00001] in C:\Users\David\Documents\Github\Project400\Library\PackageCache\com.unity.services.core@1.1.0-pre.41\Editor\Core\Telemetry\OperatePackageVersionConfigProvider.cs:41 
  at Unity.Services.Core.Editor.OperatePackageVersionConfigProvider..cctor () [0x00001] in C:\Users\David\Documents\Github\Project400\Library\PackageCache\com.unity.services.core@1.1.0-pre.41\Editor\Core\Telemetry\OperatePackageVersionConfigProvider.cs:20 
UnityEngine.StackTraceUtility:ExtractStackTrace ()
UnityEngine.DebugLogHandler:LogFormat (UnityEngine.LogType,UnityEngine.Object,string,object[])
UnityEngine.Logger:Log (UnityEngine.LogType,object)
UnityEngine.Debug:LogError (object)
UnityEditor.EditorAssemblies:ProcessInitializeOnLoadAttributes (System.Type[])

NullReferenceException: Object reference not set to an instance of an object
  at Unity.Services.Core.Editor.PackageConfig..ctor (UnityEditor.PackageManager.PackageInfo packageInfo) [0x00001] in C:\Users\David\Documents\Github\Project400\Library\PackageCache\com.unity.services.core@1.1.0-pre.41\Editor\Core\Telemetry\PackageConfig.cs:15 
  at Unity.Services.Core.Editor.OperatePackageVersionConfigProvider.<FindAllOperatePackageInProject>g__GetPackageConfigFrom|7_0 (System.Type type) [0x0000d] in C:\Users\David\Documents\Github\Project400\Library\PackageCache\com.unity.services.core@1.1.0-pre.41\Editor\Core\Telemetry\OperatePackageVersionConfigProvider.cs:50 
  at (wrapper delegate-invoke) System.Func`2[System.Type,Unity.Services.Core.Editor.PackageConfig].invoke_TResult_T(System.Type)
  at System.Linq.Enumerable+SelectIListIterator`2[TSource,TResult].MoveNext () [0x00048] in <351e49e2a5bf4fd6beabb458ce2255f3>:0 
  at System.Linq.Set`1[TElement].UnionWith (System.Collections.Generic.IEnumerable`1[T] other) [0x00018] in <351e49e2a5bf4fd6beabb458ce2255f3>:0 
  at System.Linq.Enumerable+DistinctIterator`1[TSource].FillSet () [0x0000b] in <351e49e2a5bf4fd6beabb458ce2255f3>:0 
  at System.Linq.Enumerable+DistinctIterator`1[TSource].ToList () [0x00000] in <351e49e2a5bf4fd6beabb458ce2255f3>:0 
  at System.Linq.Enumerable.ToList[TSource] (System.Collections.Generic.IEnumerable`1[T] source) [0x0001f] in <351e49e2a5bf4fd6beabb458ce2255f3>:0 
  at Unity.Services.Core.Editor.OperatePackageVersionConfigProvider.FindAllOperatePackageInProject () [0x00001] in C:\Users\David\Documents\Github\Project400\Library\PackageCache\com.unity.services.core@1.1.0-pre.41\Editor\Core\Telemetry\OperatePackageVersionConfigProvider.cs:41 
  at Unity.Services.Core.Editor.OperatePackageVersionConfigProvider..cctor () [0x00001] in C:\Users\David\Documents\Github\Project400\Library\PackageCache\com.unity.services.core@1.1.0-pre.41\Editor\Core\Telemetry\OperatePackageVersionConfigProvider.cs:20 
Rethrow as TypeInitializationException: The type initializer for 'Unity.Services.Core.Editor.OperatePackageVersionConfigProvider' threw an exception.
  at (wrapper managed-to-native) System.Reflection.MonoCMethod.InternalInvoke(System.Reflection.MonoCMethod,object,object[],System.Exception&)
  at System.Reflection.MonoCMethod.InternalInvoke (System.Object obj, System.Object[] parameters) [0x00002] in <695d1cc93cca45069c528c15c9fdd749>:0 
Rethrow as TargetInvocationException: Exception has been thrown by the target of an invocation.
  at System.Reflection.MonoCMethod.InternalInvoke (System.Object obj, System.Object[] parameters) [0x00014] in <695d1cc93cca45069c528c15c9fdd749>:0 
  at System.RuntimeType.CreateInstanceMono (System.Boolean nonPublic) [0x000a8] in <695d1cc93cca45069c528c15c9fdd749>:0 
  at System.RuntimeType.CreateInstanceSlow (System.Boolean publicOnly, System.Boolean skipCheckThis, System.Boolean fillCache, System.Threading.StackCrawlMark& stackMark) [0x00009] in <695d1cc93cca45069c528c15c9fdd749>:0 
  at System.RuntimeType.CreateInstanceDefaultCtor (System.Boolean publicOnly, System.Boolean skipCheckThis, System.Boolean fillCache, System.Threading.StackCrawlMark& stackMark) [0x00027] in <695d1cc93cca45069c528c15c9fdd749>:0 
  at System.Activator.CreateInstance (System.Type type, System.Boolean nonPublic) [0x0002c] in <695d1cc93cca45069c528c15c9fdd749>:0 
  at System.Activator.CreateInstance (System.Type type) [0x00000] in <695d1cc93cca45069c528c15c9fdd749>:0 
  at Unity.Services.Core.Configuration.Editor.ProjectConfigurationBuilder+<>c.<GenerateOrderedConfigurationProviders>b__5_1 (System.Type type) [0x00000] in C:\Users\David\Documents\Github\Project400\Library\PackageCache\com.unity.services.core@1.1.0-pre.41\Editor\Core\Configuration\ProjectConfigurationBuilder.cs:46 
  at System.Linq.Enumerable+WhereSelectEnumerableIterator`2[TSource,TResult].ToArray () [0x0002b] in <351e49e2a5bf4fd6beabb458ce2255f3>:0 
  at System.Linq.Buffer`1[TElement]..ctor (System.Collections.Generic.IEnumerable`1[T] source) [0x0000a] in <351e49e2a5bf4fd6beabb458ce2255f3>:0 
  at System.Linq.OrderedEnumerable`1[TElement].ToArray () [0x00000] in <351e49e2a5bf4fd6beabb458ce2255f3>:0 
  at System.Linq.Enumerable.ToArray[TSource] (System.Collections.Generic.IEnumerable`1[T] source) [0x0001f] in <351e49e2a5bf4fd6beabb458ce2255f3>:0 
  at Unity.Services.Core.Configuration.Editor.ProjectConfigurationBuilder.GenerateOrderedConfigurationProviders () [0x00001] in C:\Users\David\Documents\Github\Project400\Library\PackageCache\com.unity.services.core@1.1.0-pre.41\Editor\Core\Configuration\ProjectConfigurationBuilder.cs:44 
  at Unity.Services.Core.Configuration.Editor.ProjectConfigurationBuilder.CreateEditorInstanceIfNone () [0x00013] in C:\Users\David\Documents\Github\Project400\Library\PackageCache\com.unity.services.core@1.1.0-pre.41\Editor\Core\Configuration\ProjectConfigurationBuilder.cs:38 

(Filename: Library/PackageCache/com.unity.services.core@1.1.0-pre.41/Editor/Core/Telemetry/PackageConfig.cs Line: 15)

Mono: successfully reloaded assembly
- Completed reload, in  2.586 seconds
Platform modules already initialized, skipping
========================================================================
Worker process is ready to serve import requests
Shader 'Universal Render Pipeline/Particles/Lit': fallback shader 'Universal Render Pipeline/Particles/SimpleLit' not found
Launched and connected shader compiler UnityShaderCompiler.exe after 0.07 seconds
Refreshing native plugins compatible for Editor in 0.87 ms, found 4 plugins.
Preloading 0 native plugins for Editor in 0.00 ms.
Unloading 5696 Unused Serialized files (Serialized files now loaded: 0)
System memory in use before: 225.9 MB.
System memory in use after: 226.4 MB.

Unloading 165 unused Assets to reduce memory usage. Loaded Objects now: 6101.
Total: 4.271100 ms (FindLiveObjects: 0.453800 ms CreateObjectMapping: 0.250500 ms MarkObjects: 3.416400 ms  DeleteObjects: 0.149400 ms)

AssetImportParameters requested are different than current active one (requested -> active):
  custom:framework-win-MediaFoundation: 216162199b28c13a410421893ffa2e32 -> 
  custom:video-decoder-ogg-theora: a1e56fd34408186e4bbccfd4996cb3dc -> 
  custom:container-muxer-webm: aa71ff27fc2769a1b78a27578f13a17b -> 
  custom:container-demuxer-webm: 4f35f7cbe854078d1ac9338744f61a02 -> 
  custom:container-demuxer-ogg: 62fdf1f143b41e24485cea50d1cbac27 -> 
  custom:video-encoder-webm-vp8: eb34c28f22e8b96e1ab97ce403110664 -> 
  custom:video-decoder-webm-vp8: 9c59270c3fd7afecdb556c50c9e8de78 -> 
  custom:audio-decoder-ogg-vorbis: bf7c407c2cedff20999df2af8eb42d56 -> 
  custom:audio-encoder-webm-vorbis: bf7c407c2cedff20999df2af8eb42d56 -> 
========================================================================
Received Import Request.
  path: Assets/David/Scenes/ServerRpcAndClientRpcWithCombat.unity
  artifactKey: Guid(cc05a86bfd5037d4caba0c517998dab3) Importer(815301076,1909f56bfc062723c751e8b465ee728b)
Start importing Assets/David/Scenes/ServerRpcAndClientRpcWithCombat.unity using Guid(cc05a86bfd5037d4caba0c517998dab3) Importer(815301076,1909f56bfc062723c751e8b465ee728b)  -> (artifact id: '10aa4cf0f5e7ec38573985a4e66aa81e') in 0.010758 seconds 
  Import took 0.017923 seconds .

========================================================================
Received Import Request.
  Time since last request: 9998.590960 seconds.
  path: Assets/David/Prefabs/PlayerNetworkAuthorativeWithRayCast.prefab
  artifactKey: Guid(681a898f64dc3c349bf66344b7b24531) Importer(815301076,1909f56bfc062723c751e8b465ee728b)
Start importing Assets/David/Prefabs/PlayerNetworkAuthorativeWithRayCast.prefab using Guid(681a898f64dc3c349bf66344b7b24531) Importer(815301076,1909f56bfc062723c751e8b465ee728b)  -> (artifact id: 'ee0fd2781992535f1e8fe023cdb2570f') in 0.324948 seconds 
  Import took 0.342346 seconds .

AssetImportWorkerClient::OnTransportError - code=2 error=End of file
